<?xml version="1.0" encoding="UTF-8"?>
<!-- Generated by org.testng.reporters.JUnitXMLReporter -->
<testsuite ignored="0" hostname="DESKTOP-D0JLFQF" failures="2" tests="2" name="Test" time="11.693" errors="0" timestamp="2023-01-13T20:52:56 IST">
  <testcase classname="swaglab_DDF_03.ClassTestNG" name="verifySwagLabHomePageLogo" time="0.07">
    <failure type="java.lang.AssertionError" message="expected [false] but found [true]">
      <![CDATA[java.lang.AssertionError: expected [false] but found [true]
at swaglab_DDF_03.ClassTestNG.verifySwagLabHomePageLogo(ClassTestNG.java:52)
at java.base/java.util.ArrayList.forEach(ArrayList.java:1511)
at java.base/java.util.concurrent.FutureTask.run(FutureTask.java:264)
at java.base/java.util.concurrent.ThreadPoolExecutor.runWorker(ThreadPoolExecutor.java:1130)
at java.base/java.util.concurrent.ThreadPoolExecutor$Worker.run(ThreadPoolExecutor.java:630)
at java.base/java.lang.Thread.run(Thread.java:831)
... Removed 22 stack frames]]>
    </failure>
  </testcase> <!-- verifySwagLabHomePageLogo -->
  <testcase classname="swaglab_DDF_03.ClassTestNG" name="verifySwagLabHomeAddCartbutton" time="1.087">
    <failure type="java.lang.AssertionError" message="did not expect [REMOVE] but found [REMOVE]">
      <![CDATA[java.lang.AssertionError: did not expect [REMOVE] but found [REMOVE]
at swaglab_DDF_03.ClassTestNG.verifySwagLabHomeAddCartbutton(ClassTestNG.java:62)
at java.base/java.util.ArrayList.forEach(ArrayList.java:1511)
at java.base/java.util.concurrent.FutureTask.run(FutureTask.java:264)
at java.base/java.util.concurrent.ThreadPoolExecutor.runWorker(ThreadPoolExecutor.java:1130)
at java.base/java.util.concurrent.ThreadPoolExecutor$Worker.run(ThreadPoolExecutor.java:630)
at java.base/java.lang.Thread.run(Thread.java:831)
... Removed 23 stack frames]]>
    </failure>
  </testcase> <!-- verifySwagLabHomeAddCartbutton -->
</testsuite> <!-- Test -->
