<?xml version="1.0" encoding="UTF-8"?>
<!-- Generated by org.testng.reporters.JUnitXMLReporter -->
<testsuite ignored="0" hostname="DESKTOP-D0JLFQF" failures="2" tests="2" name="Test2" time="20.728" errors="0" timestamp="2023-01-13T20:53:05 IST">
  <testcase classname="swaglab_DDF_03.ClassTestNG" name="@BeforeClass openBrowser" time="0.179">
    <failure type="java.lang.IllegalStateException" message="The path to the driver executable The path to the driver executable must be set by the webdriver.gecko.driver system property; for more information, see https://github.com/mozilla/geckodriver. The latest version can be downloaded from https://github.com/mozilla/geckodriver/releases">
      <![CDATA[java.lang.IllegalStateException: The path to the driver executable The path to the driver executable must be set by the webdriver.gecko.driver system property; for more information, see https://github.com/mozilla/geckodriver. The latest version can be downloaded from https://github.com/mozilla/geckodriver/releases
at org.openqa.selenium.internal.Require$StateChecker.nonNull(Require.java:314)
at org.openqa.selenium.remote.service.DriverService.findExecutable(DriverService.java:148)
at org.openqa.selenium.firefox.GeckoDriverService.access$100(GeckoDriverService.java:45)
at org.openqa.selenium.firefox.GeckoDriverService$Builder.findDefaultExecutable(GeckoDriverService.java:181)
at org.openqa.selenium.remote.service.DriverService$Builder.build(DriverService.java:450)
at org.openqa.selenium.firefox.GeckoDriverService.createDefaultService(GeckoDriverService.java:94)
at org.openqa.selenium.firefox.FirefoxDriver.<init>(FirefoxDriver.java:99)
at org.openqa.selenium.firefox.FirefoxDriver.<init>(FirefoxDriver.java:95)
at swaglab_DDF_03.BaseClass.openBroswer(BaseClass.java:29)
at swaglab_DDF_03.ClassTestNG.openBrowser(ClassTestNG.java:33)
at java.base/java.util.ArrayList.forEach(ArrayList.java:1511)
at java.base/java.util.concurrent.FutureTask.run(FutureTask.java:264)
at java.base/java.util.concurrent.ThreadPoolExecutor.runWorker(ThreadPoolExecutor.java:1130)
at java.base/java.util.concurrent.ThreadPoolExecutor$Worker.run(ThreadPoolExecutor.java:630)
at java.base/java.lang.Thread.run(Thread.java:831)
... Removed 16 stack frames]]>
    </failure>
  </testcase> <!-- @BeforeClass openBrowser -->
  <testcase classname="swaglab_DDF_03.ClassTestNG" name="@BeforeMethod loginINSwagLab" time="-1.67362336496E9">
    <skipped/>
  </testcase> <!-- @BeforeMethod loginINSwagLab -->
  <testcase classname="swaglab_DDF_03.ClassTestNG" name="@AfterMethod logoutFromSwagLab" time="-1.673623364979E9">
    <skipped/>
  </testcase> <!-- @AfterMethod logoutFromSwagLab -->
  <testcase classname="swaglab_DDF_03.ClassTestNG" name="@BeforeMethod loginINSwagLab" time="-1.673623365011E9">
    <skipped/>
  </testcase> <!-- @BeforeMethod loginINSwagLab -->
  <testcase classname="swaglab_DDF_03.ClassTestNG" name="@AfterMethod logoutFromSwagLab" time="-1.673623365047E9">
    <skipped/>
  </testcase> <!-- @AfterMethod logoutFromSwagLab -->
  <testcase classname="swaglab_DDF_03.ClassTestNG" name="@AfterClass clsoeBrowser" time="-1.673623365055E9">
    <skipped/>
  </testcase> <!-- @AfterClass clsoeBrowser -->
  <testcase classname="swaglab_DDF_03.ClassTestNG" name="verifySwagLabHomePageLogo" time="0.077">
    <failure type="java.lang.AssertionError" message="expected [false] but found [true]">
      <![CDATA[java.lang.AssertionError: expected [false] but found [true]
at swaglab_DDF_03.ClassTestNG.verifySwagLabHomePageLogo(ClassTestNG.java:52)
at java.base/java.util.ArrayList.forEach(ArrayList.java:1511)
at java.base/java.util.concurrent.FutureTask.run(FutureTask.java:264)
at java.base/java.util.concurrent.ThreadPoolExecutor.runWorker(ThreadPoolExecutor.java:1130)
at java.base/java.util.concurrent.ThreadPoolExecutor$Worker.run(ThreadPoolExecutor.java:630)
at java.base/java.lang.Thread.run(Thread.java:831)
... Removed 22 stack frames]]>
    </failure>
  </testcase> <!-- verifySwagLabHomePageLogo -->
  <testcase classname="swaglab_DDF_03.ClassTestNG" name="verifySwagLabHomeAddCartbutton" time="0.184">
    <failure type="java.lang.AssertionError" message="did not expect [REMOVE] but found [REMOVE]">
      <![CDATA[java.lang.AssertionError: did not expect [REMOVE] but found [REMOVE]
at swaglab_DDF_03.ClassTestNG.verifySwagLabHomeAddCartbutton(ClassTestNG.java:62)
at java.base/java.util.ArrayList.forEach(ArrayList.java:1511)
at java.base/java.util.concurrent.FutureTask.run(FutureTask.java:264)
at java.base/java.util.concurrent.ThreadPoolExecutor.runWorker(ThreadPoolExecutor.java:1130)
at java.base/java.util.concurrent.ThreadPoolExecutor$Worker.run(ThreadPoolExecutor.java:630)
at java.base/java.lang.Thread.run(Thread.java:831)
... Removed 23 stack frames]]>
    </failure>
  </testcase> <!-- verifySwagLabHomeAddCartbutton -->
</testsuite> <!-- Test2 -->
