<?xml version="1.0" encoding="UTF-8"?>
<testng-results ignored="0" total="1" passed="0" failed="1" skipped="0">
  <reporter-output>
  </reporter-output>
  <suite started-at="2023-01-16T17:19:10 IST" name="Default suite" finished-at="2023-01-16T17:19:33 IST" duration-ms="22843">
    <groups>
    </groups>
    <test started-at="2023-01-16T17:19:10 IST" name="Default test" finished-at="2023-01-16T17:19:33 IST" duration-ms="22843">
      <class name="swaglab_DDF_01.SwagLAbTest_Base_And_Utility">
        <test-method is-config="true" signature="OpenBrowser()[pri:0, instance:swaglab_DDF_01.SwagLAbTest_Base_And_Utility@58d75e99]" started-at="2023-01-16T17:19:10 IST" name="OpenBrowser" finished-at="2023-01-16T17:19:20 IST" duration-ms="9409" status="PASS">
          <reporter-output>
          </reporter-output>
        </test-method> <!-- OpenBrowser -->
        <test-method is-config="true" signature="logininApp()[pri:0, instance:swaglab_DDF_01.SwagLAbTest_Base_And_Utility@58d75e99]" started-at="2023-01-16T17:19:20 IST" name="logininApp" finished-at="2023-01-16T17:19:30 IST" duration-ms="10583" status="PASS">
          <reporter-output>
          </reporter-output>
        </test-method> <!-- logininApp -->
        <test-method signature="verifylogo()[pri:0, instance:swaglab_DDF_01.SwagLAbTest_Base_And_Utility@58d75e99]" started-at="2023-01-16T17:19:30 IST" name="verifylogo" finished-at="2023-01-16T17:19:30 IST" duration-ms="68" status="FAIL">
          <exception class="java.lang.AssertionError">
            <message>
              <![CDATA[failed: get false test case is failed  expected [true] but found [false]]]>
            </message>
            <full-stacktrace>
              <![CDATA[java.lang.AssertionError: failed: get false test case is failed  expected [true] but found [false]
at org.testng.Assert.fail(Assert.java:99)
at org.testng.Assert.failNotEquals(Assert.java:1037)
at org.testng.Assert.assertTrue(Assert.java:45)
at swaglab_DDF_01.SwagLAbTest_Base_And_Utility.verifylogo(SwagLAbTest_Base_And_Utility.java:53)
at java.base/jdk.internal.reflect.NativeMethodAccessorImpl.invoke0(Native Method)
at java.base/jdk.internal.reflect.NativeMethodAccessorImpl.invoke(NativeMethodAccessorImpl.java:78)
at java.base/jdk.internal.reflect.DelegatingMethodAccessorImpl.invoke(DelegatingMethodAccessorImpl.java:43)
at java.base/java.lang.reflect.Method.invoke(Method.java:567)
at org.testng.internal.MethodInvocationHelper.invokeMethod(MethodInvocationHelper.java:133)
at org.testng.internal.TestInvoker.invokeMethod(TestInvoker.java:598)
at org.testng.internal.TestInvoker.invokeTestMethod(TestInvoker.java:173)
at org.testng.internal.MethodRunner.runInSequence(MethodRunner.java:46)
at org.testng.internal.TestInvoker$MethodInvocationAgent.invoke(TestInvoker.java:824)
at org.testng.internal.TestInvoker.invokeTestMethods(TestInvoker.java:146)
at org.testng.internal.TestMethodWorker.invokeTestMethods(TestMethodWorker.java:146)
at org.testng.internal.TestMethodWorker.run(TestMethodWorker.java:128)
at java.base/java.util.ArrayList.forEach(ArrayList.java:1511)
at org.testng.TestRunner.privateRun(TestRunner.java:794)
at org.testng.TestRunner.run(TestRunner.java:596)
at org.testng.SuiteRunner.runTest(SuiteRunner.java:377)
at org.testng.SuiteRunner.runSequentially(SuiteRunner.java:371)
at org.testng.SuiteRunner.privateRun(SuiteRunner.java:332)
at org.testng.SuiteRunner.run(SuiteRunner.java:276)
at org.testng.SuiteRunnerWorker.runSuite(SuiteRunnerWorker.java:53)
at org.testng.SuiteRunnerWorker.run(SuiteRunnerWorker.java:96)
at org.testng.TestNG.runSuitesSequentially(TestNG.java:1212)
at org.testng.TestNG.runSuitesLocally(TestNG.java:1134)
at org.testng.TestNG.runSuites(TestNG.java:1063)
at org.testng.TestNG.run(TestNG.java:1031)
at org.testng.remote.AbstractRemoteTestNG.run(AbstractRemoteTestNG.java:115)
at org.testng.remote.RemoteTestNG.initAndRun(RemoteTestNG.java:251)
at org.testng.remote.RemoteTestNG.main(RemoteTestNG.java:77)
]]>
            </full-stacktrace>
          </exception> <!-- java.lang.AssertionError -->
          <reporter-output>
          </reporter-output>
        </test-method> <!-- verifylogo -->
        <test-method is-config="true" signature="logoutfromApp(org.testng.ITestResult)[pri:0, instance:swaglab_DDF_01.SwagLAbTest_Base_And_Utility@58d75e99]" started-at="2023-01-16T17:19:30 IST" name="logoutfromApp" finished-at="2023-01-16T17:19:33 IST" duration-ms="2456" status="PASS">
          <params>
            <param index="0">
              <value>
                <![CDATA[[TestResult name=verifylogo status=FAILURE method=SwagLAbTest_Base_And_Utility.verifylogo()[pri:0, instance:swaglab_DDF_01.SwagLAbTest_Base_And_Utility@58d75e99] output={null}]]]>
              </value>
            </param>
          </params>
          <reporter-output>
          </reporter-output>
        </test-method> <!-- logoutfromApp -->
        <test-method is-config="true" signature="closeBrowser()[pri:0, instance:swaglab_DDF_01.SwagLAbTest_Base_And_Utility@58d75e99]" started-at="2023-01-16T17:19:33 IST" name="closeBrowser" finished-at="2023-01-16T17:19:33 IST" duration-ms="263" status="PASS">
          <reporter-output>
          </reporter-output>
        </test-method> <!-- closeBrowser -->
      </class> <!-- swaglab_DDF_01.SwagLAbTest_Base_And_Utility -->
    </test> <!-- Default test -->
  </suite> <!-- Default suite -->
</testng-results>
